 

******************************************************************

ERRORID: 636519044555639275

DATE: 18/01/2018 20:34:15

AGENTE: admin

MESSAGE: D:\Desarrollo\Mios\Habilitacion profecional\HabProf\WebApplication1\Aplicativo\admin_tesina.aspx(53): error CS1061: 'aplicativo_admin_tesina_aspx' does not contain a definition for 'cv_tesis_tema_ServerValidate' and no extension method 'cv_tesis_tema_ServerValidate' accepting a first argument of type 'aplicativo_admin_tesina_aspx' could be found (are you missing a using directive or an assembly reference?)

SOURCE: System.Web

INSTANCE: 

DATA: System.Collections.ListDictionaryInternal

URL: http://localhost:60142/Aplicativo/admin_tesina.aspx

TARGETSITE: System.CodeDom.Compiler.CompilerResults Compile()

STACKTRACE:    en System.Web.Compilation.AssemblyBuilder.Compile()
   en System.Web.Compilation.BuildProvidersCompiler.PerformBuild()
   en System.Web.Compilation.BuildManager.CompileWebFile(VirtualPath virtualPath)
   en System.Web.Compilation.BuildManager.GetVPathBuildResultInternal(VirtualPath virtualPath, Boolean noBuild, Boolean allowCrossApp, Boolean allowBuildInPrecompile, Boolean throwIfNotFound, Boolean ensureIsUpToDate)
   en System.Web.Compilation.BuildManager.GetVPathBuildResultWithNoAssert(HttpContext context, VirtualPath virtualPath, Boolean noBuild, Boolean allowCrossApp, Boolean allowBuildInPrecompile, Boolean throwIfNotFound, Boolean ensureIsUpToDate)
   en System.Web.Compilation.BuildManager.GetVirtualPathObjectFactory(VirtualPath virtualPath, HttpContext context, Boolean allowCrossApp, Boolean throwIfNotFound)
   en System.Web.Compilation.BuildManager.CreateInstanceFromVirtualPath(VirtualPath virtualPath, Type requiredBaseType, HttpContext context, Boolean allowCrossApp)
   en System.Web.UI.PageHandlerFactory.GetHandlerHelper(HttpContext context, String requestType, VirtualPath virtualPath, String physicalPath)
   en System.Web.UI.PageHandlerFactory.GetHandler(HttpContext context, String requestType, String virtualPath, String path)
   en System.Web.HttpApplication.MaterializeHandlerExecutionStep.System.Web.HttpApplication.IExecutionStep.Execute()
   en System.Web.HttpApplication.ExecuteStepImpl(IExecutionStep step)
   en System.Web.HttpApplication.ExecuteStep(IExecutionStep step, Boolean& completedSynchronously)


******************************************************************
 

******************************************************************

ERRORID: 636519449880273749

DATE: 19/01/2018 07:49:48 a.m.

AGENTE: admin

MESSAGE: D:\Usuarios\jfberton\Mis Documentos\Desarrollo\HabProf\WebApplication1\Aplicativo\admin_tesina.aspx(53): error CS1061: 'aplicativo_admin_tesina_aspx' does not contain a definition for 'cv_tesis_tema_ServerValidate' and no extension method 'cv_tesis_tema_ServerValidate' accepting a first argument of type 'aplicativo_admin_tesina_aspx' could be found (are you missing a using directive or an assembly reference?)

SOURCE: System.Web

INSTANCE: 

DATA: System.Collections.ListDictionaryInternal

URL: http://localhost:60142/Aplicativo/admin_tesina.aspx

TARGETSITE: System.CodeDom.Compiler.CompilerResults Compile()

STACKTRACE:    en System.Web.Compilation.AssemblyBuilder.Compile()
   en System.Web.Compilation.BuildProvidersCompiler.PerformBuild()
   en System.Web.Compilation.BuildManager.CompileWebFile(VirtualPath virtualPath)
   en System.Web.Compilation.BuildManager.GetVPathBuildResultInternal(VirtualPath virtualPath, Boolean noBuild, Boolean allowCrossApp, Boolean allowBuildInPrecompile, Boolean throwIfNotFound, Boolean ensureIsUpToDate)
   en System.Web.Compilation.BuildManager.GetVPathBuildResultWithNoAssert(HttpContext context, VirtualPath virtualPath, Boolean noBuild, Boolean allowCrossApp, Boolean allowBuildInPrecompile, Boolean throwIfNotFound, Boolean ensureIsUpToDate)
   en System.Web.Compilation.BuildManager.GetVirtualPathObjectFactory(VirtualPath virtualPath, HttpContext context, Boolean allowCrossApp, Boolean throwIfNotFound)
   en System.Web.Compilation.BuildManager.CreateInstanceFromVirtualPath(VirtualPath virtualPath, Type requiredBaseType, HttpContext context, Boolean allowCrossApp)
   en System.Web.UI.PageHandlerFactory.GetHandlerHelper(HttpContext context, String requestType, VirtualPath virtualPath, String physicalPath)
   en System.Web.UI.PageHandlerFactory.GetHandler(HttpContext context, String requestType, String virtualPath, String path)
   en System.Web.HttpApplication.MaterializeHandlerExecutionStep.System.Web.HttpApplication.IExecutionStep.Execute()
   en System.Web.HttpApplication.ExecuteStep(IExecutionStep step, Boolean& completedSynchronously)


******************************************************************
 

******************************************************************

ERRORID: 636519460027470473

DATE: 19/01/2018 08:06:42 a.m.

AGENTE: admin

MESSAGE: D:\Usuarios\jfberton\Mis Documentos\Desarrollo\HabProf\WebApplication1\Aplicativo\admin_tesina.aspx(53): error CS1061: 'aplicativo_admin_tesina_aspx' does not contain a definition for 'cv_tesis_tema_ServerValidate' and no extension method 'cv_tesis_tema_ServerValidate' accepting a first argument of type 'aplicativo_admin_tesina_aspx' could be found (are you missing a using directive or an assembly reference?)

SOURCE: System.Web

INSTANCE: 

DATA: System.Collections.ListDictionaryInternal

URL: http://localhost:60142/Aplicativo/admin_tesina.aspx

TARGETSITE: System.CodeDom.Compiler.CompilerResults Compile()

STACKTRACE:    en System.Web.Compilation.AssemblyBuilder.Compile()
   en System.Web.Compilation.BuildProvidersCompiler.PerformBuild()
   en System.Web.Compilation.BuildManager.CompileWebFile(VirtualPath virtualPath)
   en System.Web.Compilation.BuildManager.GetVPathBuildResultInternal(VirtualPath virtualPath, Boolean noBuild, Boolean allowCrossApp, Boolean allowBuildInPrecompile, Boolean throwIfNotFound, Boolean ensureIsUpToDate)
   en System.Web.Compilation.BuildManager.GetVPathBuildResultWithNoAssert(HttpContext context, VirtualPath virtualPath, Boolean noBuild, Boolean allowCrossApp, Boolean allowBuildInPrecompile, Boolean throwIfNotFound, Boolean ensureIsUpToDate)
   en System.Web.Compilation.BuildManager.GetVirtualPathObjectFactory(VirtualPath virtualPath, HttpContext context, Boolean allowCrossApp, Boolean throwIfNotFound)
   en System.Web.Compilation.BuildManager.CreateInstanceFromVirtualPath(VirtualPath virtualPath, Type requiredBaseType, HttpContext context, Boolean allowCrossApp)
   en System.Web.UI.PageHandlerFactory.GetHandlerHelper(HttpContext context, String requestType, VirtualPath virtualPath, String physicalPath)
   en System.Web.UI.PageHandlerFactory.GetHandler(HttpContext context, String requestType, String virtualPath, String path)
   en System.Web.HttpApplication.MaterializeHandlerExecutionStep.System.Web.HttpApplication.IExecutionStep.Execute()
   en System.Web.HttpApplication.ExecuteStep(IExecutionStep step, Boolean& completedSynchronously)


******************************************************************
 

******************************************************************

ERRORID: 636519613181277322

DATE: 19/01/2018 12:21:58 p.m.

AGENTE: admin

MESSAGE: D:\Usuarios\jfberton\Mis Documentos\Desarrollo\HabProf\WebApplication1\Aplicativo\admin_tesinas.aspx(151): error CS1061: 'aplicativo_admin_tesinas_aspx' does not contain a definition for 'gv_historial_PreRender' and no extension method 'gv_historial_PreRender' accepting a first argument of type 'aplicativo_admin_tesinas_aspx' could be found (are you missing a using directive or an assembly reference?)

SOURCE: System.Web

INSTANCE: 

DATA: System.Collections.ListDictionaryInternal

URL: http://localhost:60142/Aplicativo/admin_tesinas.aspx

TARGETSITE: System.CodeDom.Compiler.CompilerResults Compile()

STACKTRACE:    en System.Web.Compilation.AssemblyBuilder.Compile()
   en System.Web.Compilation.BuildProvidersCompiler.PerformBuild()
   en System.Web.Compilation.BuildManager.CompileWebFile(VirtualPath virtualPath)
   en System.Web.Compilation.BuildManager.GetVPathBuildResultInternal(VirtualPath virtualPath, Boolean noBuild, Boolean allowCrossApp, Boolean allowBuildInPrecompile, Boolean throwIfNotFound, Boolean ensureIsUpToDate)
   en System.Web.Compilation.BuildManager.GetVPathBuildResultWithNoAssert(HttpContext context, VirtualPath virtualPath, Boolean noBuild, Boolean allowCrossApp, Boolean allowBuildInPrecompile, Boolean throwIfNotFound, Boolean ensureIsUpToDate)
   en System.Web.Compilation.BuildManager.GetVirtualPathObjectFactory(VirtualPath virtualPath, HttpContext context, Boolean allowCrossApp, Boolean throwIfNotFound)
   en System.Web.Compilation.BuildManager.CreateInstanceFromVirtualPath(VirtualPath virtualPath, Type requiredBaseType, HttpContext context, Boolean allowCrossApp)
   en System.Web.UI.PageHandlerFactory.GetHandlerHelper(HttpContext context, String requestType, VirtualPath virtualPath, String physicalPath)
   en System.Web.UI.PageHandlerFactory.GetHandler(HttpContext context, String requestType, String virtualPath, String path)
   en System.Web.HttpApplication.MaterializeHandlerExecutionStep.System.Web.HttpApplication.IExecutionStep.Execute()
   en System.Web.HttpApplication.ExecuteStep(IExecutionStep step, Boolean& completedSynchronously)


******************************************************************
